[2019-02-24 23:32:52] neo4j.DEBUG: Testing [] []
[2019-02-24 23:57:50] neo4j.ERROR: Failed to create user:  {"error":"[object] (GraphAware\\Neo4j\\Client\\Exception\\Neo4jException(code: 0): Neo4j Exception with code \"Neo.DatabaseError.Transaction.TransactionStartFailed\" and message \"Unable to begin transaction.\" at /app/vendor/graphaware/neo4j-php-client/src/HttpDriver/Session.php:152)"} []
[2019-02-24 23:57:50] neo4j.DEBUG: Created user {"username":"johndoe"} []
[2019-02-24 23:58:38] neo4j.ERROR: Failed to create user:  {"error":"[object] (GraphAware\\Neo4j\\Client\\Exception\\Neo4jException(code: 0): Neo4j Exception with code \"Neo.DatabaseError.Transaction.TransactionStartFailed\" and message \"Unable to begin transaction.\" at /app/vendor/graphaware/neo4j-php-client/src/HttpDriver/Session.php:152)"} []
[2019-02-24 23:58:58] neo4j.ERROR: Failed to create user:  {"error":"[object] (GraphAware\\Neo4j\\Client\\Exception\\Neo4jException(code: 0): Neo4j Exception with code \"Neo.DatabaseError.Transaction.TransactionStartFailed\" and message \"Unable to begin transaction.\" at /app/vendor/graphaware/neo4j-php-client/src/HttpDriver/Session.php:152)"} []
[2019-02-25 00:01:11] neo4j.ERROR: Failed to create user:  {"error":"[object] (GraphAware\\Neo4j\\Client\\Exception\\Neo4jException(code: 0): Neo4j Exception with code \"Neo.DatabaseError.Transaction.TransactionStartFailed\" and message \"Unable to begin transaction.\" at /app/vendor/graphaware/neo4j-php-client/src/HttpDriver/Session.php:152)"} []
[2019-02-25 00:02:51] neo4j.ERROR: Failed to create user:  {"error":"[object] (GraphAware\\Neo4j\\Client\\Exception\\Neo4jException(code: 0): Neo4j Exception with code \"Neo.DatabaseError.Transaction.TransactionStartFailed\" and message \"Unable to begin transaction.\" at /app/vendor/graphaware/neo4j-php-client/src/HttpDriver/Session.php:152)"} []
[2019-02-25 00:03:41] neo4j.ERROR: Failed to create user:  {"error":"[object] (GraphAware\\Neo4j\\Client\\Exception\\Neo4jException(code: 0): Neo4j Exception with code \"Neo.DatabaseError.Transaction.TransactionStartFailed\" and message \"Unable to begin transaction.\" at /app/vendor/graphaware/neo4j-php-client/src/HttpDriver/Session.php:152)"} []
[2019-02-25 00:04:49] neo4j.ERROR: Failed to create user:  {"error":"[object] (GraphAware\\Neo4j\\Client\\Exception\\Neo4jException(code: 0): Neo4j Exception with code \"Neo.DatabaseError.Transaction.TransactionStartFailed\" and message \"Unable to begin transaction.\" at /app/vendor/graphaware/neo4j-php-client/src/HttpDriver/Session.php:152)"} []
[2019-02-25 00:06:19] neo4j.ERROR: Failed to create user:  {"error":"[object] (GraphAware\\Neo4j\\Client\\Exception\\Neo4jException(code: 0): Neo4j Exception with code \"Neo.DatabaseError.Transaction.TransactionStartFailed\" and message \"Unable to begin transaction.\" at /app/vendor/graphaware/neo4j-php-client/src/HttpDriver/Session.php:152)","username":"johndoe"} []
[2019-02-25 00:08:44] neo4j.DEBUG: Created user {"username":"johndoe"} []
[2019-02-25 00:09:09] neo4j.DEBUG: Created user {"username":"johndoe"} []
[2019-02-25 00:09:34] neo4j.DEBUG: Created user {"username":"johndoe"} []
[2019-02-25 00:09:41] neo4j.DEBUG: Created user {"username":"johndoe"} []
[2019-02-25 00:40:14] neo4j.ERROR: Failed to create user:  {"error":"[object] (GraphAware\\Neo4j\\Client\\Exception\\Neo4jException(code: 0): Neo4j Exception with code \"Neo.DatabaseError.Transaction.TransactionStartFailed\" and message \"Unable to begin transaction.\" at /app/vendor/graphaware/neo4j-php-client/src/HttpDriver/Session.php:152)","username":"johndoe"} []
[2019-02-25 00:41:20] neo4j.DEBUG: Created user {"username":"johndoe"} []
[2019-02-25 00:42:13] neo4j.DEBUG: Created playlist and linked to user {"playlist":"Test","user":"johndoe"} []
[2019-02-25 00:45:59] neo4j.DEBUG: Created user {"username":"johndoe"} []
[2019-02-25 00:46:14] neo4j.DEBUG: Created playlist and linked to user {"playlist":"Test","user":"johndoe"} []
[2019-02-25 00:46:14] neo4j.DEBUG: Created songs and linked to playlist {"playlist":"Test"} []
[2019-02-25 00:48:50] neo4j.DEBUG: Created playlist and linked to user {"playlist":"Test","user":"johndoe"} []
[2019-02-25 00:48:50] neo4j.DEBUG: Created songs and linked to playlist {"playlist":"Test"} []
[2019-02-25 02:06:58] neo4j.ERROR: Failed to create user:  {"error":"[object] (GraphAware\\Neo4j\\Client\\Exception\\Neo4jException(code: 0): Neo4j Exception with code \"Neo.DatabaseError.Transaction.TransactionStartFailed\" and message \"Unable to begin transaction.\" at /app/vendor/graphaware/neo4j-php-client/src/HttpDriver/Session.php:152)","username":"johndoe"} []
